<?xml version="1.0" encoding="UTF-8"?>
<!-- Generated by org.testng.reporters.JUnitReportReporter -->
<testsuite hostname="DESKTOP-S0J7E8Q" failures="0" tests="1" name="Runner.BabyCare_KidsWare_Runner" time="14.946" errors="0" timestamp="2024-08-31T18:30:58 IST" skipped="0">
  <testcase classname="Runner.BabyCare_KidsWare_Runner" name="runScenario" time="14.946"/>
  <system-out/>
</testsuite> <!-- Runner.BabyCare_KidsWare_Runner -->
