<?xml version="1.0" encoding="UTF-8"?>
<!-- Generated by org.testng.reporters.JUnitReportReporter -->
<testsuite hostname="DESKTOP-S0J7E8Q" failures="0" tests="1" name="Runner.GamesPuzzles_Runner" time="17.165" errors="0" timestamp="2024-08-31T18:56:47 IST" skipped="0">
  <testcase classname="Runner.GamesPuzzles_Runner" name="runScenario" time="17.165"/>
  <system-out/>
</testsuite> <!-- Runner.GamesPuzzles_Runner -->
