<?xml version="1.0" encoding="UTF-8"?>
<!-- Generated by org.testng.reporters.JUnitReportReporter -->
<testsuite hostname="DESKTOP-S0J7E8Q" failures="0" tests="6" name="Runner.Runner" time="112.005" errors="0" timestamp="2024-08-31T20:19:39 IST" skipped="0">
  <testcase classname="Runner.Runner" name="runScenario" time="18.426"/>
  <system-out/>
  <testcase classname="Runner.Runner" name="runScenario" time="18.553"/>
  <system-out/>
  <testcase classname="Runner.Runner" name="runScenario" time="14.371"/>
  <system-out/>
  <testcase classname="Runner.Runner" name="runScenario" time="21.035"/>
  <system-out/>
  <testcase classname="Runner.Runner" name="runScenario" time="24.841"/>
  <system-out/>
  <testcase classname="Runner.Runner" name="runScenario" time="14.779"/>
  <system-out/>
</testsuite> <!-- Runner.Runner -->
